0 info it worked if it ends with ok
1 verbose cli [ 'C:\\Program Files\\nodejs\\node.exe',
1 verbose cli   'C:\\Program Files\\nodejs\\node_modules\\npm\\bin\\npm-cli.js',
1 verbose cli   'install',
1 verbose cli   'child_process' ]
2 info using npm@2.15.1
3 info using node@v4.4.4
4 verbose install initial load of C:\Users\mami\Desktop\portfolio\package.json
5 verbose installManyTop reading scoped package data from C:\Users\mami\Desktop\portfolio\node_modules\body-parser\package.json
6 verbose installManyTop reading scoped package data from C:\Users\mami\Desktop\portfolio\node_modules\cheerio\package.json
7 verbose installManyTop reading scoped package data from C:\Users\mami\Desktop\portfolio\node_modules\cookie-parser\package.json
8 verbose installManyTop reading scoped package data from C:\Users\mami\Desktop\portfolio\node_modules\ejs\package.json
9 verbose installManyTop reading scoped package data from C:\Users\mami\Desktop\portfolio\node_modules\encoding\package.json
10 verbose installManyTop reading scoped package data from C:\Users\mami\Desktop\portfolio\node_modules\express\package.json
11 verbose installManyTop reading scoped package data from C:\Users\mami\Desktop\portfolio\node_modules\http\package.json
12 verbose installManyTop reading scoped package data from C:\Users\mami\Desktop\portfolio\node_modules\iconv-lite\package.json
13 verbose installManyTop reading scoped package data from C:\Users\mami\Desktop\portfolio\node_modules\libmime\package.json
14 verbose installManyTop reading scoped package data from C:\Users\mami\Desktop\portfolio\node_modules\morgan\package.json
15 verbose installManyTop reading scoped package data from C:\Users\mami\Desktop\portfolio\node_modules\nodemailer\package.json
16 verbose installManyTop reading scoped package data from C:\Users\mami\Desktop\portfolio\node_modules\nodemailer-stub-transport\package.json
17 verbose installManyTop reading scoped package data from C:\Users\mami\Desktop\portfolio\node_modules\request\package.json
18 verbose installManyTop reading scoped package data from C:\Users\mami\Desktop\portfolio\node_modules\serve-favicon\package.json
19 verbose installManyTop reading scoped package data from C:\Users\mami\Desktop\portfolio\node_modules\urlencode\package.json
20 info package.json http@0.0.0 http is also the name of a node core module.
21 info package.json http@0.0.0 No description
22 info package.json http@0.0.0 No repository field.
23 info package.json http@0.0.0 No README data
24 info package.json nodemailer@0.7.1 No license field.
25 verbose readDependencies loading dependencies from C:\Users\mami\Desktop\portfolio\package.json
26 silly cache add args [ 'child_process', null ]
27 verbose cache add spec child_process
28 silly cache add parsed spec Result {
28 silly cache add   raw: 'child_process',
28 silly cache add   scope: null,
28 silly cache add   name: 'child_process',
28 silly cache add   rawSpec: '',
28 silly cache add   spec: 'latest',
28 silly cache add   type: 'tag' }
29 silly addNamed child_process@latest
30 verbose addNamed "latest" is being treated as a dist-tag for child_process
31 info addNameTag [ 'child_process', 'latest' ]
32 silly mapToRegistry name child_process
33 silly mapToRegistry using default registry
34 silly mapToRegistry registry https://registry.npmjs.org/
35 silly mapToRegistry data Result {
35 silly mapToRegistry   raw: 'child_process',
35 silly mapToRegistry   scope: null,
35 silly mapToRegistry   name: 'child_process',
35 silly mapToRegistry   rawSpec: '',
35 silly mapToRegistry   spec: 'latest',
35 silly mapToRegistry   type: 'tag' }
36 silly mapToRegistry uri https://registry.npmjs.org/child_process
37 verbose addNameTag registry:https://registry.npmjs.org/child_process not in flight; fetching
38 verbose request uri https://registry.npmjs.org/child_process
39 verbose request no auth needed
40 info attempt registry request try #1 at 16:17:00
41 verbose request id d77d2648d8c82963
42 http request GET https://registry.npmjs.org/child_process
43 http 404 https://registry.npmjs.org/child_process
44 verbose headers { 'content-type': 'application/json',
44 verbose headers   'cache-control': 'max-age=0',
44 verbose headers   'content-length': '2',
44 verbose headers   'accept-ranges': 'bytes',
44 verbose headers   date: 'Tue, 31 May 2016 07:17:05 GMT',
44 verbose headers   via: '1.1 varnish',
44 verbose headers   age: '0',
44 verbose headers   connection: 'keep-alive',
44 verbose headers   'x-served-by': 'cache-ams4432-AMS',
44 verbose headers   'x-cache': 'MISS',
44 verbose headers   'x-cache-hits': '0',
44 verbose headers   'x-timer': 'S1464679025.374323,VS0,VE112',
44 verbose headers   vary: 'Accept-Encoding' }
45 silly get cb [ 404,
45 silly get   { 'content-type': 'application/json',
45 silly get     'cache-control': 'max-age=0',
45 silly get     'content-length': '2',
45 silly get     'accept-ranges': 'bytes',
45 silly get     date: 'Tue, 31 May 2016 07:17:05 GMT',
45 silly get     via: '1.1 varnish',
45 silly get     age: '0',
45 silly get     connection: 'keep-alive',
45 silly get     'x-served-by': 'cache-ams4432-AMS',
45 silly get     'x-cache': 'MISS',
45 silly get     'x-cache-hits': '0',
45 silly get     'x-timer': 'S1464679025.374323,VS0,VE112',
45 silly get     vary: 'Accept-Encoding' } ]
46 verbose stack Error: Registry returned 404 for GET on https://registry.npmjs.org/child_process
46 verbose stack     at makeError (C:\Program Files\nodejs\node_modules\npm\node_modules\npm-registry-client\lib\request.js:264:12)
46 verbose stack     at CachingRegistryClient.<anonymous> (C:\Program Files\nodejs\node_modules\npm\node_modules\npm-registry-client\lib\request.js:242:14)
46 verbose stack     at Request._callback (C:\Program Files\nodejs\node_modules\npm\node_modules\npm-registry-client\lib\request.js:172:14)
46 verbose stack     at Request.self.callback (C:\Program Files\nodejs\node_modules\npm\node_modules\request\request.js:199:22)
46 verbose stack     at emitTwo (events.js:87:13)
46 verbose stack     at Request.emit (events.js:172:7)
46 verbose stack     at Request.<anonymous> (C:\Program Files\nodejs\node_modules\npm\node_modules\request\request.js:1036:10)
46 verbose stack     at emitOne (events.js:82:20)
46 verbose stack     at Request.emit (events.js:169:7)
46 verbose stack     at IncomingMessage.<anonymous> (C:\Program Files\nodejs\node_modules\npm\node_modules\request\request.js:963:12)
47 verbose statusCode 404
48 verbose pkgid child_process
49 verbose cwd C:\Users\mami\Desktop\portfolio
50 error Windows_NT 6.2.9200
51 error argv "C:\\Program Files\\nodejs\\node.exe" "C:\\Program Files\\nodejs\\node_modules\\npm\\bin\\npm-cli.js" "install" "child_process"
52 error node v4.4.4
53 error npm  v2.15.1
54 error code E404
55 error 404 Registry returned 404 for GET on https://registry.npmjs.org/child_process
55 error 404
55 error 404 'child_process' is not in the npm registry.
55 error 404 Your package name is not valid, because
55 error 404
55 error 404  1. child_process is a core module name
55 error 404 It was specified as a dependency of 'example'
55 error 404
55 error 404 Note that you can also install from a
55 error 404 tarball, folder, http url, or git url.
56 verbose exit [ 1, true ]
